<?xml version="1.0" encoding="utf-8"?><testsuites name="pytest tests"><testsuite name="pytest" errors="0" failures="0" skipped="0" tests="25" time="5.559" timestamp="2026-05-07T12:18:47.409821+00:00" hostname="agent-env-934bb4d5-f3a3-4d51-b351-92a4920d29dd"><testcase classname="backend.tests.backend_test.TestHealthAndContact" name="test_root" time="0.231" /><testcase classname="backend.tests.backend_test.TestHealthAndContact" name="test_contact_post" time="0.123" /><testcase classname="backend.tests.backend_test.TestAuth" name="test_signup_creates_user_and_token" time="0.288" /><testcase classname="backend.tests.backend_test.TestAuth" name="test_signup_duplicate_email" time="0.064" /><testcase classname="backend.tests.backend_test.TestAuth" name="test_login_success" time="0.280" /><testcase classname="backend.tests.backend_test.TestAuth" name="test_login_wrong_password" time="0.290" /><testcase classname="backend.tests.backend_test.TestAuth" name="test_me_with_bearer" time="0.065" /><testcase classname="backend.tests.backend_test.TestAuth" name="test_me_unauthorized" time="0.059" /><testcase classname="backend.tests.backend_test.TestAuth" name="test_logout" time="0.063" /><testcase classname="backend.tests.backend_test.TestAuth" name="test_settings_bootstrapped_on_signup" time="0.062" /><testcase classname="backend.tests.backend_test.TestSafes" name="test_create_safe" time="0.084" /><testcase classname="backend.tests.backend_test.TestSafes" name="test_list_safes_contains" time="0.065" /><testcase classname="backend.tests.backend_test.TestSafes" name="test_get_safe" time="0.063" /><testcase classname="backend.tests.backend_test.TestSafes" name="test_status_update_basic" time="0.062" /><testcase classname="backend.tests.backend_test.TestSafes" name="test_status_low_battery_creates_alert" time="0.674" /><testcase classname="backend.tests.backend_test.TestSafes" name="test_event_open_attempt_creates_critical_alert" time="0.650" /><testcase classname="backend.tests.backend_test.TestSafes" name="test_event_phone_absent_creates_alert" time="0.424" /><testcase classname="backend.tests.backend_test.TestSafes" name="test_events_sorted_desc" time="0.076" /><testcase classname="backend.tests.backend_test.TestRules" name="test_full_rule_lifecycle" time="0.608" /><testcase classname="backend.tests.backend_test.TestProfiles" name="test_profile_lifecycle" time="0.228" /><testcase classname="backend.tests.backend_test.TestAlerts" name="test_list_and_mark_read" time="0.126" /><testcase classname="backend.tests.backend_test.TestAlerts" name="test_mark_all_read" time="0.132" /><testcase classname="backend.tests.backend_test.TestSettings" name="test_update_settings" time="0.125" /><testcase classname="backend.tests.backend_test.TestDashboard" name="test_summary" time="0.062" /><testcase classname="backend.tests.backend_test.TestFamilyScoping" name="test_secondary_user_cannot_see_primary_data" time="0.550" /></testsuite></testsuites>